Using pre-set license
Built from '6000.0/staging' branch; Version is '6000.0.50f1 (f1ef1dca8bff) revision 15855389'; Using compiler version '193933523'; Build Type 'Release'
OS: 'Windows 10  (10.0.19045) 64bit Professional' Language: 'ru' Physical Memory: 31831 MB
BatchMode: 1, IsHumanControllingUs: 0, StartBugReporterOnCrash: 0, Is64bit: 1
Date: 2025-06-04T12:36:56Z

COMMAND LINE ARGUMENTS:
C:\Program Files\Unity\Hub\Editor\6000.0.50f1\Editor\Unity.exe
-adb2
-batchMode
-noUpm
-name
AssetImportWorker0
-projectPath
C:/08_Unity/TEST_Astro_Zander
-logFile
Logs/AssetImportWorker0.log
-srvPort
53419
-job-worker-count
7
-background-job-worker-count
8
-gc-helper-count
1
Successfully changed project path to: C:/08_Unity/TEST_Astro_Zander
C:/08_Unity/TEST_Astro_Zander
[UnityMemory] Configuration Parameters - Can be set up in boot.config
    "memorysetup-bucket-allocator-granularity=16"
    "memorysetup-bucket-allocator-bucket-count=8"
    "memorysetup-bucket-allocator-block-size=33554432"
    "memorysetup-bucket-allocator-block-count=8"
    "memorysetup-main-allocator-block-size=16777216"
    "memorysetup-thread-allocator-block-size=16777216"
    "memorysetup-gfx-main-allocator-block-size=16777216"
    "memorysetup-gfx-thread-allocator-block-size=16777216"
    "memorysetup-cache-allocator-block-size=4194304"
    "memorysetup-typetree-allocator-block-size=2097152"
    "memorysetup-profiler-bucket-allocator-granularity=16"
    "memorysetup-profiler-bucket-allocator-bucket-count=8"
    "memorysetup-profiler-bucket-allocator-block-size=33554432"
    "memorysetup-profiler-bucket-allocator-block-count=8"
    "memorysetup-profiler-allocator-block-size=16777216"
    "memorysetup-profiler-editor-allocator-block-size=1048576"
    "memorysetup-temp-allocator-size-main=16777216"
    "memorysetup-job-temp-allocator-block-size=2097152"
    "memorysetup-job-temp-allocator-block-size-background=1048576"
    "memorysetup-job-temp-allocator-reduction-small-platforms=262144"
    "memorysetup-allocator-temp-initial-block-size-main=262144"
    "memorysetup-allocator-temp-initial-block-size-worker=262144"
    "memorysetup-temp-allocator-size-background-worker=32768"
    "memorysetup-temp-allocator-size-job-worker=262144"
    "memorysetup-temp-allocator-size-preload-manager=33554432"
    "memorysetup-temp-allocator-size-nav-mesh-worker=65536"
    "memorysetup-temp-allocator-size-audio-worker=65536"
    "memorysetup-temp-allocator-size-cloud-worker=32768"
    "memorysetup-temp-allocator-size-gi-baking-worker=262144"
    "memorysetup-temp-allocator-size-gi-baking-worker=262144"
    "memorysetup-temp-allocator-size-gi-baking-worker=262144"
    "memorysetup-temp-allocator-size-gi-baking-worker=262144"
    "memorysetup-temp-allocator-size-gi-baking-worker=262144"
    "memorysetup-temp-allocator-size-gfx=262144"
Player connection [19668]  Target information:

Player connection [19668]  * "[IP] 192.168.0.16 [Port] 0 [Flags] 2 [Guid] 1996087216 [EditorId] 1996087216 [Version] 1048832 [Id] WindowsEditor(7,DESKTOP-316N1C8) [Debug] 1 [PackageName] WindowsEditor [ProjectName] Editor" 

Player connection [19668] Host joined multi-casting on [225.0.0.222:54997]...
Player connection [19668] Host joined alternative multi-casting on [225.0.0.222:34997]...
JobSystem: Creating JobQueue using job-worker-count value 7
Input System module state changed to: Initialized.
[Physics::Module] Initialized fallback backend.
[Physics::Module] Id: 0xdecafbad
Library Redirect Path: Library/
[Physics::Module] Selected backend.
[Physics::Module] Name: PhysX
[Physics::Module] Id: 0xf2b8ea05
[Physics::Module] SDK Version: 4.1.2
[Physics::Module] Integration Version: 1.0.0
[Physics::Module] Threading Mode: Multi-Threaded
Refreshing native plugins compatible for Editor in 0.00 ms, found 0 plugins.
Preloading 0 native plugins for Editor in 0.00 ms.
Initialize engine version: 6000.0.50f1 (f1ef1dca8bff)
[Subsystems] Discovering subsystems at path C:/Program Files/Unity/Hub/Editor/6000.0.50f1/Editor/Data/Resources/UnitySubsystems
[Subsystems] Discovering subsystems at path C:/08_Unity/TEST_Astro_Zander/Assets
GfxDevice: creating device client; kGfxThreadingModeNonThreaded
Direct3D:
    Version:  Direct3D 11.0 [level 11.1]
    Renderer: NVIDIA GeForce RTX 3060 (ID=0x2504)
    Vendor:   NVIDIA
    VRAM:     12115 MB
    Driver:   32.0.15.7283
Initialize mono
Mono path[0] = 'C:/Program Files/Unity/Hub/Editor/6000.0.50f1/Editor/Data/Managed'
Mono path[1] = 'C:/Program Files/Unity/Hub/Editor/6000.0.50f1/Editor/Data/MonoBleedingEdge/lib/mono/unityjit-win32'
Mono config path = 'C:/Program Files/Unity/Hub/Editor/6000.0.50f1/Editor/Data/MonoBleedingEdge/etc'
Using monoOptions --debugger-agent=transport=dt_socket,embedding=1,server=y,suspend=n,address=127.0.0.1:56752
Begin MonoManager ReloadAssembly
Registering precompiled unity dll's ...
Register platform support module: C:/Program Files/Unity/Hub/Editor/6000.0.50f1/Editor/Data/PlaybackEngines/WindowsStandaloneSupport/UnityEditor.WindowsStandalone.Extensions.dll
Registered in 0.001661 seconds.
- Loaded All Assemblies, in  0.262 seconds
Native extension for WindowsStandalone target not found
Mono: successfully reloaded assembly
- Finished resetting the current domain, in  0.196 seconds
Domain Reload Profiling: 458ms
	BeginReloadAssembly (91ms)
		ExecutionOrderSort (0ms)
		DisableScriptedObjects (0ms)
		BackupInstance (0ms)
		ReleaseScriptingObjects (0ms)
		CreateAndSetChildDomain (1ms)
	RebuildCommonClasses (29ms)
	RebuildNativeTypeToScriptingClass (9ms)
	initialDomainReloadingComplete (31ms)
	LoadAllAssembliesAndSetupDomain (101ms)
		LoadAssemblies (90ms)
		RebuildTransferFunctionScriptingTraits (0ms)
		AnalyzeDomain (99ms)
			TypeCache.Refresh (98ms)
				TypeCache.ScanAssembly (89ms)
			BuildScriptInfoCaches (0ms)
			ResolveRequiredComponents (0ms)
	FinalizeReload (196ms)
		ReleaseScriptCaches (0ms)
		RebuildScriptCaches (0ms)
		SetupLoadedEditorAssemblies (176ms)
			LogAssemblyErrors (0ms)
			InitializePlatformSupportModulesInManaged (15ms)
			SetLoadedEditorAssemblies (3ms)
			BeforeProcessingInitializeOnLoad (35ms)
			ProcessInitializeOnLoadAttributes (92ms)
			ProcessInitializeOnLoadMethodAttributes (31ms)
			AfterProcessingInitializeOnLoad (0ms)
			EditorAssembliesLoaded (0ms)
		ExecutionOrderSort2 (0ms)
		AwakeInstancesAfterBackupRestoration (0ms)
========================================================================
Worker process is ready to serve import requests
Import Worker Mode flag is 0x00
Begin MonoManager ReloadAssembly
- Loaded All Assemblies, in  0.168 seconds
Refreshing native plugins compatible for Editor in 0.00 ms, found 0 plugins.
Native extension for WindowsStandalone target not found
Mono: successfully reloaded assembly
- Finished resetting the current domain, in  0.199 seconds
Domain Reload Profiling: 366ms
	BeginReloadAssembly (116ms)
		ExecutionOrderSort (0ms)
		DisableScriptedObjects (4ms)
		BackupInstance (0ms)
		ReleaseScriptingObjects (0ms)
		CreateAndSetChildDomain (24ms)
	RebuildCommonClasses (23ms)
	RebuildNativeTypeToScriptingClass (9ms)
	initialDomainReloadingComplete (12ms)
	LoadAllAssembliesAndSetupDomain (8ms)
		LoadAssemblies (66ms)
		RebuildTransferFunctionScriptingTraits (0ms)
		AnalyzeDomain (6ms)
			TypeCache.Refresh (4ms)
				TypeCache.ScanAssembly (1ms)
			BuildScriptInfoCaches (0ms)
			ResolveRequiredComponents (0ms)
	FinalizeReload (199ms)
		ReleaseScriptCaches (0ms)
		RebuildScriptCaches (0ms)
		SetupLoadedEditorAssemblies (130ms)
			LogAssemblyErrors (0ms)
			InitializePlatformSupportModulesInManaged (2ms)
			SetLoadedEditorAssemblies (2ms)
			BeforeProcessingInitializeOnLoad (33ms)
			ProcessInitializeOnLoadAttributes (75ms)
			ProcessInitializeOnLoadMethodAttributes (16ms)
			AfterProcessingInitializeOnLoad (2ms)
			EditorAssembliesLoaded (0ms)
		ExecutionOrderSort2 (0ms)
		AwakeInstancesAfterBackupRestoration (4ms)
Launched and connected shader compiler UnityShaderCompiler.exe after 0.01 seconds
Refreshing native plugins compatible for Editor in 0.00 ms, found 0 plugins.
Preloading 0 native plugins for Editor in 0.00 ms.
Unloading 6 Unused Serialized files (Serialized files now loaded: 0)
Unloading 64 unused Assets / (36.2 KB). Loaded Objects now: 563.
Memory consumption went from 54.5 MB to 54.4 MB.
Total: 4.291900 ms (FindLiveObjects: 0.057700 ms CreateObjectMapping: 0.005400 ms MarkObjects: 4.143000 ms  DeleteObjects: 0.084600 ms)

========================================================================
Received Import Request.
  Time since last request: 12406.876463 seconds.
  path: Assets/Models/Astro_scout_2_low.fbx
  artifactKey: Guid(3da6de73335d5614aa57f112a29053bb) Importer(815301076,1909f56bfc062723c751e8b465ee728b)
Start importing Assets/Models/Astro_scout_2_low.fbx using Guid(3da6de73335d5614aa57f112a29053bb) Importer(815301076,1909f56bfc062723c751e8b465ee728b) (PreviewImporter) -> (artifact id: '16373baeb3eab81ce008766a8641bec2') in 0.1314168 seconds
Number of updated asset objects reloaded before import = 0Number of asset objects unloaded after import = 12

========================================================================
Received Import Request.
  Time since last request: 139.409317 seconds.
  path: Assets/Models/Astro_scout_2_low.fbx
  artifactKey: Guid(3da6de73335d5614aa57f112a29053bb) Importer(815301076,1909f56bfc062723c751e8b465ee728b)
Start importing Assets/Models/Astro_scout_2_low.fbx using Guid(3da6de73335d5614aa57f112a29053bb) Importer(815301076,1909f56bfc062723c751e8b465ee728b) (PreviewImporter) -> (artifact id: '1b55071e5168950c913dd9b9938d0a0d') in 0.0398627 seconds
Number of updated asset objects reloaded before import = 0Number of asset objects unloaded after import = 8

========================================================================
Received Import Request.
  Time since last request: 20.464785 seconds.
  path: Assets/Models/Astro_scout_2_low.fbx
  artifactKey: Guid(3da6de73335d5614aa57f112a29053bb) Importer(815301076,1909f56bfc062723c751e8b465ee728b)
Start importing Assets/Models/Astro_scout_2_low.fbx using Guid(3da6de73335d5614aa57f112a29053bb) Importer(815301076,1909f56bfc062723c751e8b465ee728b) (PreviewImporter) -> (artifact id: '00f11c6ffbe847162e879205445546b7') in 0.0103391 seconds
Number of updated asset objects reloaded before import = 0Number of asset objects unloaded after import = 8

========================================================================
Received Import Request.
  Time since last request: 1.383698 seconds.
  path: Assets/Source files/Astro_scout_2_low.fbx
  artifactKey: Guid(0ec0b02fe42fea44ea5de62f2a0534e9) Importer(815301076,1909f56bfc062723c751e8b465ee728b)
Start importing Assets/Source files/Astro_scout_2_low.fbx using Guid(0ec0b02fe42fea44ea5de62f2a0534e9) Importer(815301076,1909f56bfc062723c751e8b465ee728b) (PreviewImporter) -> (artifact id: '6091d1380b64d8fd4d25d22d691b9602') in 0.0162647 seconds
Number of updated asset objects reloaded before import = 0Number of asset objects unloaded after import = 8

========================================================================
Received Import Request.
  Time since last request: 4.497082 seconds.
  path: Assets/Models/Astro_scout_2_low.fbx
  artifactKey: Guid(3da6de73335d5614aa57f112a29053bb) Importer(815301076,1909f56bfc062723c751e8b465ee728b)
Start importing Assets/Models/Astro_scout_2_low.fbx using Guid(3da6de73335d5614aa57f112a29053bb) Importer(815301076,1909f56bfc062723c751e8b465ee728b) (PreviewImporter) -> (artifact id: '47e173939fbbaa50fb9602436fd12dfc') in 0.0086867 seconds
Number of updated asset objects reloaded before import = 0Number of asset objects unloaded after import = 8

========================================================================
Received Import Request.
  Time since last request: 81.491080 seconds.
  path: Assets/Models/Astro_scout_2_low.prefab
  artifactKey: Guid(4a2040123f2c8e649b4884a19b1ca402) Importer(815301076,1909f56bfc062723c751e8b465ee728b)
Start importing Assets/Models/Astro_scout_2_low.prefab using Guid(4a2040123f2c8e649b4884a19b1ca402) Importer(815301076,1909f56bfc062723c751e8b465ee728b) (PreviewImporter) -> (artifact id: '8f72c59e0cffd6fe03307a2e5b5c1da8') in 0.008846 seconds
Number of updated asset objects reloaded before import = 0Number of asset objects unloaded after import = 15

========================================================================
Received Import Request.
  Time since last request: 131.626016 seconds.
  path: Assets/Prefabs/WaterGun.prefab
  artifactKey: Guid(56271ae3ed974d34f89e580164480d2a) Importer(815301076,1909f56bfc062723c751e8b465ee728b)
Start importing Assets/Prefabs/WaterGun.prefab using Guid(56271ae3ed974d34f89e580164480d2a) Importer(815301076,1909f56bfc062723c751e8b465ee728b) (PreviewImporter) -> (artifact id: '88e7175377f8ce2171b8dd7d8b9c7f2d') in 0.0244678 seconds
Number of updated asset objects reloaded before import = 0Number of asset objects unloaded after import = 20

========================================================================
Received Import Request.
  Time since last request: 19.826732 seconds.
  path: Assets/Models/WaterGun.fbx
  artifactKey: Guid(e917cd78d7cfc1d468347622d3c1472f) Importer(815301076,1909f56bfc062723c751e8b465ee728b)
Start importing Assets/Models/WaterGun.fbx using Guid(e917cd78d7cfc1d468347622d3c1472f) Importer(815301076,1909f56bfc062723c751e8b465ee728b) (PreviewImporter) -> (artifact id: 'c0ef8f965f3d5ea9a67fc20922a71593') in 0.0175205 seconds
Number of updated asset objects reloaded before import = 0Number of asset objects unloaded after import = 7

========================================================================
Received Import Request.
  Time since last request: 30.727392 seconds.
  path: Assets/Source files/SP/Astro_scout_2_low_Drone_BaseColor.png
  artifactKey: Guid(cd3a2b506d1232b43a4faaba3d3198d7) Importer(815301076,1909f56bfc062723c751e8b465ee728b)
Start importing Assets/Source files/SP/Astro_scout_2_low_Drone_BaseColor.png using Guid(cd3a2b506d1232b43a4faaba3d3198d7) Importer(815301076,1909f56bfc062723c751e8b465ee728b) (PreviewImporter) -> (artifact id: '43a62c573c7e45b326fdad22376d8590') in 0.0101194 seconds
Number of updated asset objects reloaded before import = 0Number of asset objects unloaded after import = 2

========================================================================
Received Import Request.
  Time since last request: 1.102740 seconds.
  path: Assets/Source files/SP/Astro_scout_2_low_Drone_Normal.png
  artifactKey: Guid(f8da1e4c1b2b43141afb921dc2d486b8) Importer(815301076,1909f56bfc062723c751e8b465ee728b)
Start importing Assets/Source files/SP/Astro_scout_2_low_Drone_Normal.png using Guid(f8da1e4c1b2b43141afb921dc2d486b8) Importer(815301076,1909f56bfc062723c751e8b465ee728b) (PreviewImporter) -> (artifact id: 'a7c54b245f832fdc5e627ce8de7c8ded') in 0.0129359 seconds
Number of updated asset objects reloaded before import = 0Number of asset objects unloaded after import = 2

========================================================================
Received Import Request.
  Time since last request: 4.828915 seconds.
  path: Assets/Textures/WaterGun_WaterGun_BaseColor.png
  artifactKey: Guid(112679791f9a6014aa348055958327f8) Importer(815301076,1909f56bfc062723c751e8b465ee728b)
Start importing Assets/Textures/WaterGun_WaterGun_BaseColor.png using Guid(112679791f9a6014aa348055958327f8) Importer(815301076,1909f56bfc062723c751e8b465ee728b) (PreviewImporter) -> (artifact id: 'd7b0ae80a55e58897e85ad77fd80a357') in 0.0052513 seconds
Number of updated asset objects reloaded before import = 0Number of asset objects unloaded after import = 2

========================================================================
Received Import Request.
  Time since last request: 1.228425 seconds.
  path: Assets/Textures/WaterGun_WaterGun_Normal.png
  artifactKey: Guid(c2a657ac76410e34aad1bf6aed176810) Importer(815301076,1909f56bfc062723c751e8b465ee728b)
Start importing Assets/Textures/WaterGun_WaterGun_Normal.png using Guid(c2a657ac76410e34aad1bf6aed176810) Importer(815301076,1909f56bfc062723c751e8b465ee728b) (PreviewImporter) -> (artifact id: 'e6fa4a54fb594643f4bee9fb8a774aaa') in 0.0080698 seconds
Number of updated asset objects reloaded before import = 0Number of asset objects unloaded after import = 2

========================================================================
Received Import Request.
  Time since last request: 15.935983 seconds.
  path: Assets/Textures/Astro_scout_2_low_Drone_BaseColor.png
  artifactKey: Guid(26a8ddab21d64c1409a6e7e335b9a369) Importer(815301076,1909f56bfc062723c751e8b465ee728b)
Start importing Assets/Textures/Astro_scout_2_low_Drone_BaseColor.png using Guid(26a8ddab21d64c1409a6e7e335b9a369) Importer(815301076,1909f56bfc062723c751e8b465ee728b) (PreviewImporter) -> (artifact id: 'b5324808eb45c05ed374c07c4995a2b0') in 0.0036439 seconds
Number of updated asset objects reloaded before import = 0Number of asset objects unloaded after import = 2

